<?xml version="1.0" encoding="UTF-8"?>
<!-- Generated by org.testng.reporters.JUnitReportReporter -->
<testsuite skipped="0" hostname="Jigars-MacBook-Pro.local" name="zaleniumDemo.ChromeZaleniumDemo" tests="1" failures="0" timestamp="17 Sep 2019 17:00:08 GMT" time="17.603" errors="0">
  <testcase name="openFF" time="17.603" classname="zaleniumDemo.ChromeZaleniumDemo"/>
</testsuite> <!-- zaleniumDemo.ChromeZaleniumDemo -->
